{
  "stats": {
    "suites": 2,
    "tests": 12,
    "passes": 12,
    "pending": 0,
    "failures": 0,
    "start": "2019-07-30T11:29:19.058Z",
    "end": "2019-07-30T11:29:19.094Z",
    "duration": 36,
    "testsRegistered": 12,
    "passPercent": 100,
    "pendingPercent": 0,
    "other": 0,
    "hasOther": false,
    "skipped": 0,
    "hasSkipped": false
  },
  "results": [
    {
      "uuid": "eaa94d91-d354-4a0c-9ac5-31b43abfc505",
      "title": "",
      "fullFile": "",
      "file": "",
      "beforeHooks": [],
      "afterHooks": [],
      "tests": [],
      "suites": [
        {
          "uuid": "eeb84f92-b8f1-41b8-96ab-f0df9c6b97be",
          "title": "简单桶排序测试",
          "fullFile": "/Users/agility/codes/project/private/algorithm_learning/test/_algorithm/_bucketSort.test.js",
          "file": "/test/_algorithm/_bucketSort.test.js",
          "beforeHooks": [],
          "afterHooks": [],
          "tests": [
            {
              "title": "非数组数据异常抛出",
              "fullTitle": "简单桶排序测试 非数组数据异常抛出",
              "timedOut": false,
              "duration": 1,
              "state": "passed",
              "speed": "fast",
              "pass": true,
              "fail": false,
              "pending": false,
              "context": null,
              "code": "var mockData = { a: 3, b: 4 };\nvar testFunc = function testFunc() {\n  (0, _easeBucketSort2._easeBucketSort)(mockData);\n};\nexpect(testFunc).to.throw(Error, 'params are not required arrays');",
              "err": {},
              "uuid": "e3198820-c493-4515-b54a-f42f7b6e9d16",
              "parentUUID": "eeb84f92-b8f1-41b8-96ab-f0df9c6b97be",
              "isHook": false,
              "skipped": false
            },
            {
              "title": "长度1数组正确性测试",
              "fullTitle": "简单桶排序测试 长度1数组正确性测试",
              "timedOut": false,
              "duration": 0,
              "state": "passed",
              "speed": "fast",
              "pass": true,
              "fail": false,
              "pending": false,
              "context": null,
              "code": "var mockData = [3];\nexpect(mockData).to.deep.equal([3]);",
              "err": {},
              "uuid": "b5af8ba0-fa60-4405-9132-836264359fba",
              "parentUUID": "eeb84f92-b8f1-41b8-96ab-f0df9c6b97be",
              "isHook": false,
              "skipped": false
            },
            {
              "title": "数组含非number但可转换的为number的测试",
              "fullTitle": "简单桶排序测试 数组含非number但可转换的为number的测试",
              "timedOut": false,
              "duration": 0,
              "state": "passed",
              "speed": "fast",
              "pass": true,
              "fail": false,
              "pending": false,
              "context": null,
              "code": "var mockData = [3, '2', 3, 1, '34', 65, '8', 9, 8];\nvar rightResult = [1, 2, 3, 3, 8, 8, 9, 34, 65];\nexpect((0, _easeBucketSort2._easeBucketSort)(mockData)).to.deep.equal(rightResult);",
              "err": {},
              "uuid": "3283f307-fb42-438a-acd5-ef2f84e5b254",
              "parentUUID": "eeb84f92-b8f1-41b8-96ab-f0df9c6b97be",
              "isHook": false,
              "skipped": false
            },
            {
              "title": "数组含非number且不可转换为number的测试",
              "fullTitle": "简单桶排序测试 数组含非number且不可转换为number的测试",
              "timedOut": false,
              "duration": 0,
              "state": "passed",
              "speed": "fast",
              "pass": true,
              "fail": false,
              "pending": false,
              "context": null,
              "code": "var mockData = [3, 'dsfasdf', 3, 1, Error, 65];\nexpect((0, _easeBucketSort2._easeBucketSort)(mockData)).to.deep.equal([1, 3, 3, 65]);",
              "err": {},
              "uuid": "d7f239ee-12cb-471c-a2cd-24822b9974ac",
              "parentUUID": "eeb84f92-b8f1-41b8-96ab-f0df9c6b97be",
              "isHook": false,
              "skipped": false
            },
            {
              "title": "整数排序测试: [3,2,3,1,34,65,8,9,8] 应该返回 [1, 2, 3, 3, 8, 8, 9, 34, 65]",
              "fullTitle": "简单桶排序测试 整数排序测试: [3,2,3,1,34,65,8,9,8] 应该返回 [1, 2, 3, 3, 8, 8, 9, 34, 65]",
              "timedOut": false,
              "duration": 0,
              "state": "passed",
              "speed": "fast",
              "pass": true,
              "fail": false,
              "pending": false,
              "context": null,
              "code": "var mockData = [3, 2, 3, 1, 34, 65, 8, 9, 8];\nvar rightResult = [1, 2, 3, 3, 8, 8, 9, 34, 65];\nexpect((0, _easeBucketSort2._easeBucketSort)(mockData)).to.deep.equal(rightResult);",
              "err": {},
              "uuid": "cba55436-faa0-4c10-a76e-870ac9f9abf9",
              "parentUUID": "eeb84f92-b8f1-41b8-96ab-f0df9c6b97be",
              "isHook": false,
              "skipped": false
            },
            {
              "title": "倒序排序测试: [1, 2, 3, 3, 8, 8, 9, 34, 65]应该返回[65, 34, 9, 8, 8, 3, 3, 2, 1]",
              "fullTitle": "简单桶排序测试 倒序排序测试: [1, 2, 3, 3, 8, 8, 9, 34, 65]应该返回[65, 34, 9, 8, 8, 3, 3, 2, 1]",
              "timedOut": false,
              "duration": 0,
              "state": "passed",
              "speed": "fast",
              "pass": true,
              "fail": false,
              "pending": false,
              "context": null,
              "code": "var mockData = [1, 2, 3, 3, 8, 8, 9, 34, 65];\nvar rightResult = [65, 34, 9, 8, 8, 3, 3, 2, 1];\nexpect((0, _easeBucketSort2._easeBucketSort)(mockData, false)).to.deep.equal(rightResult);",
              "err": {},
              "uuid": "ab0ac44a-8e71-423a-873a-c3196128cdfd",
              "parentUUID": "eeb84f92-b8f1-41b8-96ab-f0df9c6b97be",
              "isHook": false,
              "skipped": false
            }
          ],
          "suites": [],
          "passes": [
            "e3198820-c493-4515-b54a-f42f7b6e9d16",
            "b5af8ba0-fa60-4405-9132-836264359fba",
            "3283f307-fb42-438a-acd5-ef2f84e5b254",
            "d7f239ee-12cb-471c-a2cd-24822b9974ac",
            "cba55436-faa0-4c10-a76e-870ac9f9abf9",
            "ab0ac44a-8e71-423a-873a-c3196128cdfd"
          ],
          "failures": [],
          "pending": [],
          "skipped": [],
          "duration": 1,
          "root": false,
          "rootEmpty": false,
          "_timeout": 2000
        },
        {
          "uuid": "b35d0b70-3d16-48c7-9153-d852f8864236",
          "title": "深拷贝测试",
          "fullFile": "/Users/agility/codes/project/private/algorithm_learning/test/methods/object/cloneDeep.test.js",
          "file": "/test/methods/object/cloneDeep.test.js",
          "beforeHooks": [],
          "afterHooks": [],
          "tests": [
            {
              "title": "非object or array异常数据测试",
              "fullTitle": "深拷贝测试 非object or array异常数据测试",
              "timedOut": false,
              "duration": 0,
              "state": "passed",
              "speed": "fast",
              "pass": true,
              "fail": false,
              "pending": false,
              "context": null,
              "code": "var mockData = function mockData() {\n  console.log('测试用例');\n};\n(0, _chai.expect)((0, _cloneDeep.cloneDeep)(mockData)).to.equal(mockData); // Function\n(0, _chai.expect)((0, _cloneDeep.cloneDeep)('mockData')).to.equal('mockData'); // String\n(0, _chai.expect)((0, _cloneDeep.cloneDeep)(53543)).to.equal(53543); // Number\n(0, _chai.expect)((0, _cloneDeep.cloneDeep)(true)).to.be.true; // Boolean\n(0, _chai.expect)((0, _cloneDeep.cloneDeep)(null)).to.be.null; // null\n(0, _chai.expect)((0, _cloneDeep.cloneDeep)(undefined)).to.be.an('undefined'); // undefined",
              "err": {},
              "uuid": "38d6871b-e6b7-4539-a372-7d7ad8419f19",
              "parentUUID": "b35d0b70-3d16-48c7-9153-d852f8864236",
              "isHook": false,
              "skipped": false
            },
            {
              "title": "单层数组数据测试",
              "fullTitle": "深拷贝测试 单层数组数据测试",
              "timedOut": false,
              "duration": 0,
              "state": "passed",
              "speed": "fast",
              "pass": true,
              "fail": false,
              "pending": false,
              "context": null,
              "code": "var testFunc = function testFunc() {\n  console.log('测试用例');\n};\nvar mockData = [1, '2', true, null, undefined, testFunc];\n(0, _chai.expect)((0, _cloneDeep.cloneDeep)(mockData)).to.not.equal(mockData); // 引用地址不相等\n(0, _chai.expect)((0, _cloneDeep.cloneDeep)(mockData)).to.eql(mockData); // key value 相等\nvar result = (0, _cloneDeep.cloneDeep)(mockData);\n(0, _chai.expect)(result[5]).to.equal(mockData[5]); // function clone 引用地址相等",
              "err": {},
              "uuid": "97163271-9aeb-4e3c-b833-466abcadd83e",
              "parentUUID": "b35d0b70-3d16-48c7-9153-d852f8864236",
              "isHook": false,
              "skipped": false
            },
            {
              "title": "单层对象数据测试",
              "fullTitle": "深拷贝测试 单层对象数据测试",
              "timedOut": false,
              "duration": 1,
              "state": "passed",
              "speed": "fast",
              "pass": true,
              "fail": false,
              "pending": false,
              "context": null,
              "code": "var testFunc = function testFunc() {\n  console.log('测试用例');\n};\nvar mockData = {\n  a: 1,\n  b: '2',\n  c: true,\n  d: null,\n  e: undefined,\n  f: testFunc\n};\n(0, _chai.expect)((0, _cloneDeep.cloneDeep)(mockData)).to.not.equal(mockData); // 引用地址不相等\n(0, _chai.expect)((0, _cloneDeep.cloneDeep)(mockData)).to.eql(mockData); // key value 相等\nvar result = (0, _cloneDeep.cloneDeep)(mockData);\n(0, _chai.expect)(result['f']).to.equal(mockData['f']); // function clone 引用地址相等",
              "err": {},
              "uuid": "d4df0178-6299-4c64-8085-e68d520e7c27",
              "parentUUID": "b35d0b70-3d16-48c7-9153-d852f8864236",
              "isHook": false,
              "skipped": false
            },
            {
              "title": "多层数组数据测试",
              "fullTitle": "深拷贝测试 多层数组数据测试",
              "timedOut": false,
              "duration": 0,
              "state": "passed",
              "speed": "fast",
              "pass": true,
              "fail": false,
              "pending": false,
              "context": null,
              "code": "var testFunc = function testFunc() {\n  console.log('测试用例');\n};\nvar mockData = [1, '2', true, null, undefined, [testFunc, 'test']];\nvar result = (0, _cloneDeep.cloneDeep)(mockData);\n(0, _chai.expect)(result[5]).to.not.equal(mockData[5]); // 引用地址不相等\n(0, _chai.expect)(result[5]).to.eql(mockData[5]); // key value相等\n(0, _chai.expect)(result[5][0]).to.equal(mockData[5][0]); // function 引用地址相等",
              "err": {},
              "uuid": "7c41f81f-1443-4663-a8b3-a4468272cd8a",
              "parentUUID": "b35d0b70-3d16-48c7-9153-d852f8864236",
              "isHook": false,
              "skipped": false
            },
            {
              "title": "多层对象数据测试",
              "fullTitle": "深拷贝测试 多层对象数据测试",
              "timedOut": false,
              "duration": 0,
              "state": "passed",
              "speed": "fast",
              "pass": true,
              "fail": false,
              "pending": false,
              "context": null,
              "code": "var testObject = {\n  a: 'fsdaf'\n};\nvar mockData = {\n  a: 1,\n  b: '2',\n  c: true,\n  d: null,\n  e: undefined,\n  f: testObject\n};\nvar result = (0, _cloneDeep.cloneDeep)(mockData);\n(0, _chai.expect)(result.f).to.not.equal(mockData.f); // 引用地址不相等\n(0, _chai.expect)(result.f).to.eql(mockData.f); // key value相等",
              "err": {},
              "uuid": "2a1a4e76-e3b3-4667-8160-a492b5f05e1c",
              "parentUUID": "b35d0b70-3d16-48c7-9153-d852f8864236",
              "isHook": false,
              "skipped": false
            },
            {
              "title": "循环引用测试",
              "fullTitle": "深拷贝测试 循环引用测试",
              "timedOut": false,
              "duration": 0,
              "state": "passed",
              "speed": "fast",
              "pass": true,
              "fail": false,
              "pending": false,
              "context": null,
              "code": "var mockData = {\n  a: 1,\n  b: '2',\n  c: true,\n  d: null,\n  e: undefined\n};\nmockData.f = mockData;\nvar result = (0, _cloneDeep.cloneDeep)(mockData);\n(0, _chai.expect)(result.f).to.equal(result); // 引用地址要相等\n(0, _chai.expect)(result.f).to.eql(result); // key value相等",
              "err": {},
              "uuid": "d405e332-d895-4f23-9c39-bc60f3f107f5",
              "parentUUID": "b35d0b70-3d16-48c7-9153-d852f8864236",
              "isHook": false,
              "skipped": false
            }
          ],
          "suites": [],
          "passes": [
            "38d6871b-e6b7-4539-a372-7d7ad8419f19",
            "97163271-9aeb-4e3c-b833-466abcadd83e",
            "d4df0178-6299-4c64-8085-e68d520e7c27",
            "7c41f81f-1443-4663-a8b3-a4468272cd8a",
            "2a1a4e76-e3b3-4667-8160-a492b5f05e1c",
            "d405e332-d895-4f23-9c39-bc60f3f107f5"
          ],
          "failures": [],
          "pending": [],
          "skipped": [],
          "duration": 1,
          "root": false,
          "rootEmpty": false,
          "_timeout": 2000
        }
      ],
      "passes": [],
      "failures": [],
      "pending": [],
      "skipped": [],
      "duration": 0,
      "root": true,
      "rootEmpty": true,
      "_timeout": 2000
    }
  ],
  "meta": {
    "mocha": {
      "version": "6.2.0"
    },
    "mochawesome": {
      "options": {
        "quiet": false,
        "reportFilename": "mochawesome",
        "saveHtml": true,
        "saveJson": true,
        "useInlineDiffs": false
      },
      "version": "4.0.1"
    },
    "marge": {
      "options": {
        "doc": true
      },
      "version": "4.0.1"
    }
  }
}